TN:
SF:src\components\Form\Button\index.tsx
FN:10,Button
FNF:1
FNH:1
FNDA:4,Button
DA:11,4
LF:1
LH:1
BRF:0
BRH:0
end_of_record
TN:
SF:src\components\Form\CategorySelectButton\index.tsx
FN:13,CategorySelectButton
FNF:1
FNH:1
FNDA:2,CategorySelectButton
DA:14,2
LF:1
LH:1
BRF:0
BRH:0
end_of_record
TN:
SF:src\components\Form\Input\index.tsx
FN:9,Input
FNF:1
FNH:1
FNDA:5,Input
DA:10,5
LF:1
LH:1
BRDA:9,0,0,4
BRF:1
BRH:1
end_of_record
TN:
SF:src\components\Form\InputForm\index.tsx
FN:16,InputForm
FN:26,(anonymous_1)
FNF:2
FNH:2
FNDA:4,InputForm
FNDA:4,(anonymous_1)
DA:22,4
DA:27,4
LF:2
LH:2
BRDA:35,0,0,4
BRDA:35,0,1,0
BRF:2
BRH:1
end_of_record
TN:
SF:src\components\Form\TransactionTypeButton\index.tsx
FN:21,TransactionTypeButton
FNF:1
FNH:1
FNDA:4,TransactionTypeButton
DA:16,1
DA:22,4
LF:2
LH:2
BRF:0
BRH:0
end_of_record
TN:
SF:src\components\HighlightCard\index.tsx
FN:25,HighlightCard
FNF:1
FNH:0
FNDA:0,HighlightCard
DA:19,0
DA:31,0
LF:2
LH:0
BRF:0
BRH:0
end_of_record
TN:
SF:src\components\HistoryCard\index.tsx
FN:14,HistoryCard
FNF:1
FNH:0
FNDA:0,HistoryCard
DA:19,0
LF:1
LH:0
BRF:0
BRH:0
end_of_record
TN:
SF:src\components\SignInSocialButton\index.tsx
FN:15,SignInSocialButton
FNF:1
FNH:0
FNDA:0,SignInSocialButton
DA:20,0
LF:1
LH:0
BRF:0
BRH:0
end_of_record
TN:
SF:src\components\TransactionCard\index.tsx
FN:31,TransactionCard
FN:34,(anonymous_1)
FNF:2
FNH:0
FNDA:0,TransactionCard
FNDA:0,(anonymous_1)
DA:33,0
DA:34,0
DA:37,0
LF:3
LH:0
BRDA:41,0,0,0
BRDA:41,0,1,0
BRF:2
BRH:0
end_of_record
TN:
SF:src\hooks\auth.tsx
FN:33,AuthProvider
FN:38,signInWithGoogle
FN:65,signInWithApple
FN:96,logout
FN:102,loadUser
FN:120,(anonymous_5)
FN:137,useAuth
FNF:7
FNH:5
FNDA:5,AuthProvider
FNDA:2,signInWithGoogle
FNDA:0,signInWithApple
FNDA:0,logout
FNDA:2,loadUser
FNDA:2,(anonymous_5)
FNDA:7,useAuth
DA:29,2
DA:31,2
DA:35,5
DA:36,5
DA:39,2
DA:40,2
DA:46,2
DA:47,1
DA:54,1
DA:56,1
DA:58,1
DA:61,0
DA:66,0
DA:67,0
DA:74,0
DA:76,0
DA:83,0
DA:85,0
DA:87,0
DA:92,0
DA:97,0
DA:99,0
DA:103,2
DA:104,2
DA:105,2
DA:107,2
DA:108,0
DA:110,0
DA:113,2
DA:116,0
DA:120,5
DA:121,2
DA:124,5
DA:138,7
DA:140,7
LF:35
LH:21
BRDA:46,0,0,1
BRDA:46,0,1,1
BRDA:74,1,0,0
BRDA:74,1,1,0
BRDA:107,2,0,0
BRDA:107,2,1,2
BRF:6
BRH:3
end_of_record
TN:
SF:src\routes\app.routes.tsx
FN:14,AppRoutes
FN:32,(anonymous_1)
FN:45,(anonymous_2)
FN:58,(anonymous_3)
FNF:4
FNH:0
FNDA:0,AppRoutes
FNDA:0,(anonymous_1)
FNDA:0,(anonymous_2)
FNDA:0,(anonymous_3)
DA:12,0
DA:16,0
DA:18,0
DA:33,0
DA:46,0
DA:59,0
LF:6
LH:0
BRDA:24,0,0,0
BRDA:24,0,1,0
BRF:2
BRH:0
end_of_record
TN:
SF:src\routes\auth.routes.tsx
FN:8,AuthRoutes
FNF:1
FNH:0
FNDA:0,AuthRoutes
DA:6,0
DA:9,0
LF:2
LH:0
BRF:0
BRH:0
end_of_record
TN:
SF:src\routes\index.tsx
FN:8,Routes
FNF:1
FNH:0
FNDA:0,Routes
DA:10,0
DA:12,0
LF:2
LH:0
BRDA:14,0,0,0
BRDA:14,0,1,0
BRF:2
BRH:0
end_of_record
TN:
SF:src\screens\CategorySelect\index.tsx
FN:27,CategorySelect
FN:33,handleSelectCategory
FN:45,(anonymous_2)
FN:46,(anonymous_3)
FN:49,(anonymous_4)
FN:55,(anonymous_5)
FNF:6
FNH:4
FNDA:2,CategorySelect
FNDA:0,handleSelectCategory
FNDA:12,(anonymous_2)
FNDA:12,(anonymous_3)
FNDA:0,(anonymous_4)
FNDA:10,(anonymous_5)
DA:34,0
DA:37,2
DA:45,12
DA:47,12
DA:49,0
DA:55,10
LF:6
LH:4
BRF:0
BRH:0
end_of_record
TN:
SF:src\screens\Dashboard\index.tsx
FN:43,Dashboard
FN:52,getLastTransaction
FN:58,(anonymous_2)
FN:59,(anonymous_3)
FN:65,loadTransactions
FN:73,(anonymous_5)
FN:97,(anonymous_6)
FN:118,(anonymous_7)
FN:163,(anonymous_8)
FN:217,(anonymous_9)
FN:218,(anonymous_10)
FNF:11
FNH:0
FNDA:0,Dashboard
FNDA:0,getLastTransaction
FNDA:0,(anonymous_2)
FNDA:0,(anonymous_3)
FNDA:0,loadTransactions
FNDA:0,(anonymous_5)
FNDA:0,(anonymous_6)
FNDA:0,(anonymous_7)
FNDA:0,(anonymous_8)
FNDA:0,(anonymous_9)
FNDA:0,(anonymous_10)
DA:44,0
DA:46,0
DA:47,0
DA:48,0
DA:49,0
DA:54,0
DA:56,0
DA:58,0
DA:59,0
DA:62,0
DA:66,0
DA:67,0
DA:69,0
DA:70,0
DA:72,0
DA:74,0
DA:79,0
DA:85,0
DA:95,0
DA:97,0
DA:99,0
DA:100,0
DA:102,0
DA:105,0
DA:111,0
DA:112,0
DA:114,0
DA:118,0
DA:122,0
DA:124,0
DA:127,0
DA:130,0
DA:133,0
DA:157,0
DA:159,0
DA:163,0
DA:164,0
DA:167,0
DA:168,0
DA:175,0
DA:217,0
DA:218,0
LF:42
LH:0
BRDA:54,0,0,0
BRDA:54,0,1,0
BRDA:70,1,0,0
BRDA:70,1,1,0
BRDA:99,2,0,0
BRDA:99,2,1,0
BRDA:124,3,0,0
BRDA:124,3,1,0
BRDA:127,4,0,0
BRDA:127,4,1,0
BRDA:130,5,0,0
BRDA:130,5,1,0
BRDA:167,6,0,0
BRDA:167,6,1,0
BRF:14
BRH:0
end_of_record
TN:
SF:src\screens\Profile\index.tsx
FN:4,Profile
FN:21,(anonymous_1)
FNF:2
FNH:1
FNDA:3,Profile
FNDA:0,(anonymous_1)
DA:5,3
LF:1
LH:1
BRF:0
BRH:0
end_of_record
TN:
SF:src\screens\Register\index.tsx
FN:47,Register
FN:64,handleTransactionTypeSelect
FN:68,handleCloseSelectCategoryModal
FN:72,handleOpenSelectCategoryModal
FN:76,handleRegister
FN:153,(anonymous_5)
FN:159,(anonymous_6)
FNF:7
FNH:2
FNDA:2,Register
FNDA:0,handleTransactionTypeSelect
FNDA:0,handleCloseSelectCategoryModal
FNDA:1,handleOpenSelectCategoryModal
FNDA:0,handleRegister
FNDA:0,(anonymous_5)
FNDA:0,(anonymous_6)
DA:36,1
DA:49,2
DA:51,2
DA:53,2
DA:57,2
DA:61,2
DA:62,2
DA:65,0
DA:69,0
DA:73,1
DA:77,0
DA:78,0
DA:79,0
DA:82,0
DA:83,0
DA:84,0
DA:87,0
DA:96,0
DA:97,0
DA:98,0
DA:99,0
DA:101,0
DA:106,0
DA:108,0
DA:110,0
DA:115,0
DA:117,0
DA:120,0
DA:124,2
DA:153,0
DA:159,0
LF:31
LH:9
BRDA:77,0,0,0
BRDA:77,0,1,0
BRDA:82,1,0,0
BRDA:82,1,1,0
BRDA:99,2,0,0
BRDA:99,2,1,0
BRDA:139,3,0,2
BRDA:139,3,1,0
BRDA:146,4,0,2
BRDA:146,4,1,0
BRF:10
BRH:2
end_of_record
TN:
SF:src\screens\Resume\index.tsx
FN:39,Resume
FN:46,handleDateChange
FN:54,loadData
FN:63,(anonymous_3)
FN:71,(anonymous_4)
FN:75,(anonymous_5)
FN:78,(anonymous_6)
FN:111,(anonymous_7)
FN:129,(anonymous_8)
FN:135,(anonymous_9)
FN:158,(anonymous_10)
FN:162,(anonymous_11)
FNF:12
FNH:0
FNDA:0,Resume
FNDA:0,handleDateChange
FNDA:0,loadData
FNDA:0,(anonymous_3)
FNDA:0,(anonymous_4)
FNDA:0,(anonymous_5)
FNDA:0,(anonymous_6)
FNDA:0,(anonymous_7)
FNDA:0,(anonymous_8)
FNDA:0,(anonymous_9)
FNDA:0,(anonymous_10)
FNDA:0,(anonymous_11)
DA:40,0
DA:41,0
DA:42,0
DA:43,0
DA:44,0
DA:47,0
DA:48,0
DA:49,0
DA:50,0
DA:56,0
DA:58,0
DA:59,0
DA:60,0
DA:62,0
DA:63,0
DA:68,0
DA:70,0
DA:72,0
DA:75,0
DA:76,0
DA:78,0
DA:79,0
DA:80,0
DA:84,0
DA:86,0
DA:91,0
DA:92,0
DA:94,0
DA:106,0
DA:108,0
DA:111,0
DA:112,0
DA:115,0
DA:129,0
DA:135,0
DA:158,0
DA:163,0
LF:37
LH:0
BRDA:47,0,0,0
BRDA:47,0,1,0
BRDA:49,1,0,0
BRDA:49,1,1,0
BRDA:60,2,0,0
BRDA:60,2,1,0
BRDA:63,3,0,0
BRDA:63,3,1,0
BRDA:63,3,2,0
BRDA:79,4,0,0
BRDA:79,4,1,0
BRDA:84,5,0,0
BRDA:84,5,1,0
BRDA:140,6,0,0
BRDA:140,6,1,0
BRF:15
BRH:0
end_of_record
TN:
SF:src\screens\SignIn\index.tsx
FN:22,SignIn
FN:28,handleSignInWithGoogle
FN:42,handleSignInWithApple
FNF:3
FNH:0
FNDA:0,SignIn
FNDA:0,handleSignInWithGoogle
FNDA:0,handleSignInWithApple
DA:24,0
DA:25,0
DA:26,0
DA:29,0
DA:30,0
DA:31,0
DA:32,0
DA:35,0
DA:38,0
DA:43,0
DA:44,0
DA:45,0
DA:47,0
DA:48,0
DA:52,0
LF:15
LH:0
BRDA:71,0,0,0
BRDA:71,0,1,0
BRDA:79,1,0,0
BRDA:79,1,1,0
BRF:4
BRH:0
end_of_record
